Start testing: Mar 08 13:25 CET
----------------------------------------------------------
1/2 Testing: toasty_toast
1/2 Test: toasty_toast
Command: "/Users/dylan/Depot/applications/ssc/recipe/tea/ssc-test" "-d" "-i" "/Users/dylan/Depot/applications/ssc/recipe/tea/../toast/ssc-test/output.txt" "/Users/dylan/Depot/applications/ssc/recipe/tea/../toast/ssc-test/input.spec"
Directory: /Users/dylan/Depot/applications/ssc/recipe/tea
"toasty_toast" start time: Mar 08 13:25 CET
Output:
----------------------------------------------------------
5 passed, 0 failed: pass
<end of output>
Test time =   0.00 sec
----------------------------------------------------------
Test Passed.
"toasty_toast" end time: Mar 08 13:25 CET
"toasty_toast" time elapsed: 00:00:00
----------------------------------------------------------

2/2 Testing: toast
2/2 Test: toast
Command: "/Users/dylan/Depot/applications/ssc/recipe/tea/ssc-test" "-v" "-f" "/Users/dylan/Depot/applications/ssc/recipe/tea/../toast/ssc-test/ssc.lst"
Directory: /Users/dylan/Depot/applications/ssc/recipe/tea
"toast" start time: Mar 08 13:25 CET
Output:
----------------------------------------------------------
 ./ssc -F -T -o /Users/dylan/tmp/901c-e02e-97c5-4d89.ssc -f ../toast/csp/1/csp.conf
 ./ssc -F -T -o /Users/dylan/tmp/0b49-4cc8-cfd1-72c1.ssc -f ../toast/csp/2/csp.conf
 ./ssc -F -T -o /Users/dylan/tmp/9ec7-77ff-220f-f464.ssc -f ../toast/csp/3/csp.conf
 ./ssc -F -T -o /Users/dylan/tmp/8029-a64c-bd77-3cac.ssc -f ../toast/HTML/1.0/html1.conf
 ./ssc -F -T -o /Users/dylan/tmp/ba00-f244-0e3e-cd05.ssc -f ../toast/HTML/2.0/html2.conf
 ./ssc -F -T -o /Users/dylan/tmp/d314-a17c-968d-a66b.ssc -f ../toast/HTML/3.0/html3.conf
 ./ssc -F -T -o /Users/dylan/tmp/0050-ca15-330b-d16c.ssc -f ../toast/HTML/3.2/html32.conf
 ./ssc -F -T -o /Users/dylan/tmp/2f21-ed15-f8a9-2914.ssc -f ../toast/HTML/4.00/html4.conf
 ./ssc -F -T -o /Users/dylan/tmp/8eb1-bc0f-dd6b-e31c.ssc -f ../toast/HTML/4.01/html4.conf
 ./ssc -F -T -o /Users/dylan/tmp/3df1-45ce-7614-3f35.ssc -f ../toast/HTML/5.0/html5.conf
 ./ssc -F -T -o /Users/dylan/tmp/0450-3ba9-d387-3186.ssc -f ../toast/HTML/5.1/html5.conf
 ./ssc -F -T -o /Users/dylan/tmp/4678-ab4e-d43f-cbdc.ssc -f ../toast/HTML/5.2/html5.conf
 ./ssc -F -T -o /Users/dylan/tmp/04f2-cc72-0316-8a34.ssc -f ../toast/HTML/5.3/html5.conf
 ./ssc -F -T -o /Users/dylan/tmp/38bf-e61c-c85d-4669.ssc -f ../toast/HTML/5.4/html5.conf
 ./ssc -F -T -o /Users/dylan/tmp/5dfa-6356-2368-5984.ssc -f ../toast/HTML/minimal/minimal.conf
 ./ssc -F -T -o /Users/dylan/tmp/5e23-842f-9bf6-8f2b.ssc -f ../toast/HTML/Plus/plus.conf
 ./ssc -F -T -o /Users/dylan/tmp/a8ed-2fc8-53a3-a412.ssc -f ../toast/HTML/tags/tags.conf
 ./ssc -F -T -o /Users/dylan/tmp/5230-69b6-339e-f0d1.ssc -f ../toast/link/link.conf
 ./ssc -F -T -o /Users/dylan/tmp/b4f4-efcf-42a8-9a45.ssc -f ../toast/living/jul07/living.conf
 ./ssc -F -T -o /Users/dylan/tmp/4b70-8ad8-9c99-39f3.ssc -f ../toast/living/jan08/living.conf
 ./ssc -F -T -o /Users/dylan/tmp/89d8-bb9b-0724-fd00.ssc -f ../toast/living/jul08/living.conf
 ./ssc -F -T -o /Users/dylan/tmp/f0ed-8042-bc74-7011.ssc -f ../toast/living/jan09/living.conf
 ./ssc -F -T -o /Users/dylan/tmp/d6aa-cbe3-d304-1647.ssc -f ../toast/living/jul09/living.conf
 ./ssc -F -T -o /Users/dylan/tmp/4580-b2f1-ad94-46fd.ssc -f ../toast/living/jan10/living.conf
 ./ssc -F -T -o /Users/dylan/tmp/cce4-df67-c427-90a9.ssc -f ../toast/living/jul10/living.conf
 ./ssc -F -T -o /Users/dylan/tmp/71ed-fc6c-0aa6-7f23.ssc -f ../toast/living/jan11/living.conf
 ./ssc -F -T -o /Users/dylan/tmp/d37d-1ca2-47a1-a981.ssc -f ../toast/living/jul11/living.conf
 ./ssc -F -T -o /Users/dylan/tmp/0f03-03a3-daa8-7dc8.ssc -f ../toast/living/jan12/living.conf
 ./ssc -F -T -o /Users/dylan/tmp/b502-4a07-b0f1-332c.ssc -f ../toast/living/jul12/living.conf
 ./ssc -F -T -o /Users/dylan/tmp/78b0-4267-088e-c71d.ssc -f ../toast/living/jan13/living.conf
 ./ssc -F -T -o /Users/dylan/tmp/4fc3-2faa-7e89-164d.ssc -f ../toast/living/jul13/living.conf
 ./ssc -F -T -o /Users/dylan/tmp/fe54-4bc3-52c6-c0c7.ssc -f ../toast/living/jan14/living.conf
 ./ssc -F -T -o /Users/dylan/tmp/9029-b067-c222-c098.ssc -f ../toast/living/jul14/living.conf
 ./ssc -F -T -o /Users/dylan/tmp/c50b-6c8d-d182-f367.ssc -f ../toast/living/jan15/living.conf
 ./ssc -F -T -o /Users/dylan/tmp/3130-d3a8-0453-fd77.ssc -f ../toast/living/jul15/living.conf
 ./ssc -F -T -o /Users/dylan/tmp/e5f3-3922-4d0f-4b08.ssc -f ../toast/living/jan16/living.conf
 ./ssc -F -T -o /Users/dylan/tmp/e27e-f347-5bb4-472b.ssc -f ../toast/living/jul16/living.conf
 ./ssc -F -T -o /Users/dylan/tmp/a9f6-fdf0-6c1c-0fc0.ssc -f ../toast/living/jan17/living.conf
 ./ssc -F -T -o /Users/dylan/tmp/965f-2a72-c238-02d5.ssc -f ../toast/living/jul17/living.conf
 ./ssc -F -T -o /Users/dylan/tmp/f79b-13ad-4873-b61a.ssc -f ../toast/living/jan18/living.conf
 ./ssc -F -T -o /Users/dylan/tmp/a238-e67d-1127-aa9b.ssc -f ../toast/living/jul18/living.conf
 ./ssc -F -T -o /Users/dylan/tmp/a145-f01f-932d-100a.ssc -f ../toast/living/jan19/living.conf
 ./ssc -F -T -o /Users/dylan/tmp/60b1-5740-a515-1242.ssc -f ../toast/living/jul19/living.conf
 ./ssc -F -T -o /Users/dylan/tmp/665a-5452-7738-8b09.ssc -f ../toast/living/jan20/living.conf
 ./ssc -F -T -o /Users/dylan/tmp/0078-b9ad-4fa8-7d69.ssc -f ../toast/living/jul20/living.conf
 ./ssc -F -T -o /Users/dylan/tmp/b971-2ab1-52e5-6e3b.ssc -f ../toast/living/jan21/living.conf
 ./ssc -F -T -o /Users/dylan/tmp/43eb-a60f-4044-2e4d.ssc -f ../toast/math/1/math.conf
 ./ssc -F -T -o /Users/dylan/tmp/19a7-1fe9-c910-e222.ssc -f ../toast/math/2/math.conf
 ./ssc -F -T -o /Users/dylan/tmp/21ee-3032-b468-61ca.ssc -f ../toast/math/3/math.conf
 ./ssc -F -T -o /Users/dylan/tmp/5391-23e8-d8d0-db3d.ssc -f ../toast/microdata/addendum/add.conf
 ./ssc -F -T -o /Users/dylan/tmp/a0b0-8466-8262-e05b.ssc -f ../toast/microdata/basic/basic.conf
/Users/dylan/Depot/applications/ssc/recipe/toast/microdata/export/pre.sh
 ./ssc -F -T -o /Users/dylan/tmp/8397-509b-1145-6f43.ssc -f ../toast/microdata/export/export.conf
 ./ssc -F -T -o /Users/dylan/tmp/31d6-af39-49b5-16c2.ssc -f ../toast/microdata/schema-abc/abc.conf
 ./ssc -F -T -o /Users/dylan/tmp/5a57-0ecb-23b5-3b6f.ssc -f ../toast/microdata/schema-defg/defg.conf
 ./ssc -F -T -o /Users/dylan/tmp/cf49-cd54-fc60-a14e.ssc -f ../toast/microdata/schema-hijkl/hijkl.conf
 ./ssc -F -T -o /Users/dylan/tmp/c389-2428-750c-010b.ssc -f ../toast/microdata/schema-mno/mno.conf
 ./ssc -F -T -o /Users/dylan/tmp/d02d-ee2f-ea4d-b1cb.ssc -f ../toast/microdata/schema-pqrs/pqrs.conf
 ./ssc -F -T -o /Users/dylan/tmp/4ca2-4fba-cd4f-f203.ssc -f ../toast/microdata/schema-tuv/tuv.conf
 ./ssc -F -T -o /Users/dylan/tmp/4136-81c8-0b1d-2c0d.ssc -f ../toast/microdata/schema-wxyz/wxyz.conf
 ./ssc -F -T -o /Users/dylan/tmp/aaed-02cb-f7e1-7ab2.ssc -f ../toast/microformats/mf1/mf1.conf
 ./ssc -F -T -o /Users/dylan/tmp/5a5c-5e13-6976-95a0.ssc -f ../toast/microformats/mf2/mf2.conf
 ./ssc -F -T -o /Users/dylan/tmp/d63c-21ff-0040-f981.ssc -f ../toast/microformats/rel/rel.conf
 ./ssc -F -T -o /Users/dylan/tmp/37c9-ae94-f2d4-2c6f.ssc -f ../toast/other/abbr/abbr.conf
 ./ssc -F -T -o /Users/dylan/tmp/43c9-1f85-7474-0253.ssc -f ../toast/other/base/base.conf
 ./ssc -F -T -o /Users/dylan/tmp/3cd7-355f-261e-4c20.ssc -f ../toast/other/CSS/css.conf
 ./ssc -F -T -o /Users/dylan/tmp/3314-bbe7-737e-b427.ssc -f ../toast/other/dfn/dfn.conf
 ./ssc -F -T -o /Users/dylan/tmp/1a95-471e-3da3-fb97.ssc -f ../toast/other/ignore/ignore.conf
 ./ssc -F -T -o /Users/dylan/tmp/3df1-5de6-3fcd-570a.ssc -f ../toast/other/img/img.conf
 ./ssc -F -T -o /Users/dylan/tmp/8aad-f46a-b94a-017d.ssc -f ../toast/other/incorrectness/incorrectness.conf
 ./ssc -F -T -o /Users/dylan/tmp/d876-0a9f-3ca3-1401.ssc -f ../toast/other/nits/nits.conf
 ./ssc -F -T -o /Users/dylan/tmp/04f5-9084-6cb8-5491.ssc -f ../toast/other/parsing/parsing.conf
 ./ssc -F -T -o /Users/dylan/tmp/508c-e61b-0685-e45b.ssc -f ../toast/other/RDF/rdf.conf
 ./ssc -F -T -o /Users/dylan/tmp/4cdd-fda7-00a6-dced.ssc -f ../toast/other/simple/simple.conf
 ./ssc -F -T -o /Users/dylan/tmp/fcf4-111e-cc93-d5c6.ssc -f ../toast/other/ssi/ssi.conf
/Users/dylan/Depot/applications/ssc/recipe/toast/shadow/comment/pre.sh
 ./ssc -F -T -o /Users/dylan/tmp/3f20-55c1-789c-f290.ssc -f ../toast/shadow/comment/comment.conf
/Users/dylan/Depot/applications/ssc/recipe/toast/shadow/copy/pre.sh
 ./ssc -F -T -o /Users/dylan/tmp/d83e-cb25-7ed9-a2fe.ssc -f ../toast/shadow/copy/copy.conf
/Users/dylan/Depot/applications/ssc/recipe/toast/shadow/copyover/pre.sh
 ./ssc -F -T -o /Users/dylan/tmp/2e38-4c0b-7ca4-7b0b.ssc -f ../toast/shadow/copyover/copyover.conf
/Users/dylan/Depot/applications/ssc/recipe/toast/shadow/dedu/pre.sh
 ./ssc -F -T -o /Users/dylan/tmp/7463-4393-6391-4aa3.ssc -f ../toast/shadow/dedu/dedu.conf
/Users/dylan/Depot/applications/ssc/recipe/toast/shadow/deduover/pre.sh
 ./ssc -F -T -o /Users/dylan/tmp/7f0d-40f8-29fc-884b.ssc -f ../toast/shadow/deduover/deduover.conf
/Users/dylan/Depot/applications/ssc/recipe/toast/shadow/hard/pre.sh
 ./ssc -F -T -o /Users/dylan/tmp/6b5c-ac2f-36b8-4286.ssc -f ../toast/shadow/hard/hard.conf
/Users/dylan/Depot/applications/ssc/recipe/toast/shadow/pages/pre.sh
 ./ssc -F -T -o /Users/dylan/tmp/1f4b-f080-2fe1-9a91.ssc -f ../toast/shadow/pages/pages.conf
/Users/dylan/Depot/applications/ssc/recipe/toast/shadow/soft/pre.sh
 ./ssc -F -T -o /Users/dylan/tmp/acb5-4fb3-3dbb-9f8b.ssc -f ../toast/shadow/soft/soft.conf
/Users/dylan/Depot/applications/ssc/recipe/toast/shadow/softover/pre.sh
 ./ssc -F -T -o /Users/dylan/tmp/932c-4990-e8be-3f6b.ssc -f ../toast/shadow/softover/softover.conf
/Users/dylan/Depot/applications/ssc/recipe/toast/shadow/ssi/pre.sh
 ./ssc -F -T -o /Users/dylan/tmp/762e-42e2-a375-15c7.ssc -f ../toast/shadow/ssi/ssi.conf
 ./ssc -F -T -o /Users/dylan/tmp/0a3e-8578-320a-0677.ssc -f ../toast/stats/detail/stats.conf
 ./ssc -F -T -o /Users/dylan/tmp/80dd-a922-918c-6155.ssc -f ../toast/stats/single/stats.conf
 ./ssc -F -T -o /Users/dylan/tmp/a1ec-064e-743b-22e2.ssc -f ../toast/stats/summary/stats.conf
 ./ssc -F -T -o /Users/dylan/tmp/0ffb-c2ac-6747-2a16.ssc -f ../toast/SVG/1.0/svg.conf
 ./ssc -F -T -o /Users/dylan/tmp/3855-ead8-ee2d-33c2.ssc -f ../toast/SVG/1.1/svg.conf
 ./ssc -F -T -o /Users/dylan/tmp/da2a-fe4d-ba8e-1a25.ssc -f ../toast/type/colour/colour.conf
 ./ssc -F -T -o /Users/dylan/tmp/d813-d42e-abe4-8928.ssc -f ../toast/type/httpequiv/httpequiv.conf
 ./ssc -F -T -o /Users/dylan/tmp/9950-c643-e660-02e6.ssc -f ../toast/type/lang/lang.conf
 ./ssc -F -T -o /Users/dylan/tmp/a385-7b65-2da9-6bc2.ssc -f ../toast/type/metaname/metaname.conf
 ./ssc -F -T -o /Users/dylan/tmp/f857-068e-a2f3-6654.ssc -f ../toast/type/mimetype/mimetype.conf
 ./ssc -F -T -o /Users/dylan/tmp/09a9-09ae-7f23-57f8.ssc -f ../toast/type/sgml/sgml.conf
 ./ssc -F -T -o /Users/dylan/tmp/a0fd-f932-485e-8c5f.ssc -f ../toast/type/url/url.conf
 ./ssc -F -T -o /Users/dylan/tmp/68f3-8121-3225-9cdb.ssc -f ../toast/w3/3663/w3.conf
 ./ssc -F -T -o /Users/dylan/tmp/b3e4-5360-d838-48dc.ssc -f ../toast/w3/12458/w3.conf
 ./ssc -F -T -o /Users/dylan/tmp/d17c-5913-785e-e190.ssc -f ../toast/w3/acefh/w3.conf
 ./ssc -F -T -o /Users/dylan/tmp/9abf-b4b3-ac75-67fc.ssc -f ../toast/w3/bogus/w3.conf
 ./ssc -F -T -o /Users/dylan/tmp/9f04-f736-e155-e9c4.ssc -f ../toast/w3/charset/w3.conf
 ./ssc -F -T -o /Users/dylan/tmp/e9f1-2ee2-21f6-27e3.ssc -f ../toast/w3/html20/w3.conf
 ./ssc -F -T -o /Users/dylan/tmp/05b1-0df5-b430-f657.ssc -f ../toast/w3/html40/w3.conf
 ./ssc -F -T -o /Users/dylan/tmp/403f-0fc2-7967-cfd4.ssc -f ../toast/w3/html401/w3.conf
 ./ssc -F -T -o /Users/dylan/tmp/b5de-41bb-6f7a-b446.ssc -f ../toast/w3/html5/w3.conf
 ./ssc -F -T -o /Users/dylan/tmp/bd92-39fa-c1bc-0f52.ssc -f ../toast/w3/imnop/w3.conf
 ./ssc -F -T -o /Users/dylan/tmp/9332-769e-f1ba-5d6f.ssc -f ../toast/w3/mathml/w3.conf
 ./ssc -F -T -o /Users/dylan/tmp/6039-8a5f-5e0d-0890.ssc -f ../toast/w3/rddl/w3.conf
 ./ssc -F -T -o /Users/dylan/tmp/f999-5ccc-8ddd-207e.ssc -f ../toast/w3/rstuw/w3.conf
 ./ssc -F -T -o /Users/dylan/tmp/79b2-d4ac-b6d2-d0b5.ssc -f ../toast/w3/sgml/w3.conf
 ./ssc -F -T -o /Users/dylan/tmp/d4c0-25c7-cfa6-f743.ssc -f ../toast/w3/smil/w3.conf
 ./ssc -F -T -o /Users/dylan/tmp/2e26-1503-2d71-aa47.ssc -f ../toast/w3/svg/w3.conf
 ./ssc -F -T -o /Users/dylan/tmp/bc12-c46a-fa33-d0b6.ssc -f ../toast/w3/text/w3.conf
 ./ssc -F -T -o /Users/dylan/tmp/5b4b-98c2-3693-cb52.ssc -f ../toast/w3/xhtml/w3.conf
 ./ssc -F -T -o /Users/dylan/tmp/3819-c07b-8f90-1bcf.ssc -f ../toast/w3/xml/w3.conf
 ./ssc -F -T -o /Users/dylan/tmp/cd7f-dda1-22ab-c61c.ssc -f ../toast/webapps/jan05/webapps.conf
 ./ssc -F -T -o /Users/dylan/tmp/5ec5-6843-e02d-000a.ssc -f ../toast/webapps/jul05/webapps.conf
 ./ssc -F -T -o /Users/dylan/tmp/4691-2e97-c423-71d8.ssc -f ../toast/webapps/jan06/webapps.conf
 ./ssc -F -T -o /Users/dylan/tmp/520f-8d34-9a1c-8192.ssc -f ../toast/webapps/jul06/webapps.conf
 ./ssc -F -T -o /Users/dylan/tmp/5d15-86e5-cc4d-5905.ssc -f ../toast/webapps/jan07/webapps.conf
 ./ssc -F -T -o /Users/dylan/tmp/19dd-3341-1330-abb4.ssc -f ../toast/XHTML/1.0/xhtml1.conf
 ./ssc -F -T -o /Users/dylan/tmp/0b54-8f2c-242e-166c.ssc -f ../toast/XHTML/1.1/xhtml11.conf
 ./ssc -F -T -o /Users/dylan/tmp/1dc2-dd5f-d1e6-8c76.ssc -f ../toast/XHTML/2.0/xhtml2.conf
2735 passed, 0 failed: pass
<end of output>
Test time =  14.27 sec
----------------------------------------------------------
Test Passed.
"toast" end time: Mar 08 13:25 CET
"toast" time elapsed: 00:00:14
----------------------------------------------------------

End testing: Mar 08 13:25 CET
