Start testing: Jan 22 13:18 CET
----------------------------------------------------------
1/2 Testing: toasty_toast
1/2 Test: toasty_toast
Command: "/Users/dylan/Depot/applications/ssc/recipe/tea/ssc-test" "-d" "-i" "/Users/dylan/Depot/applications/ssc/recipe/tea/../toast/ssc-test/output.txt" "/Users/dylan/Depot/applications/ssc/recipe/tea/../toast/ssc-test/input.spec"
Directory: /Users/dylan/Depot/applications/ssc/recipe/tea
"toasty_toast" start time: Jan 22 13:18 CET
Output:
----------------------------------------------------------
5 passed, 0 failed: pass
<end of output>
Test time =   0.00 sec
----------------------------------------------------------
Test Passed.
"toasty_toast" end time: Jan 22 13:18 CET
"toasty_toast" time elapsed: 00:00:00
----------------------------------------------------------

2/2 Testing: toast
2/2 Test: toast
Command: "/Users/dylan/Depot/applications/ssc/recipe/tea/ssc-test" "-v" "-f" "/Users/dylan/Depot/applications/ssc/recipe/tea/../toast/ssc-test/ssc.lst"
Directory: /Users/dylan/Depot/applications/ssc/recipe/tea
"toast" start time: Jan 22 13:18 CET
Output:
----------------------------------------------------------
 ./ssc -F -T -o /Users/dylan/tmp/084a-9f7e-a7f8-c38b.ssc -f ../toast/csp/1/csp.conf
 ./ssc -F -T -o /Users/dylan/tmp/d354-4c38-3f7a-0957.ssc -f ../toast/csp/2/csp.conf
 ./ssc -F -T -o /Users/dylan/tmp/5d71-317c-217d-f102.ssc -f ../toast/csp/3/csp.conf
 ./ssc -F -T -o /Users/dylan/tmp/7106-0598-1dc3-40f3.ssc -f ../toast/HTML/1.0/html1.conf
 ./ssc -F -T -o /Users/dylan/tmp/b1d7-cbd6-295b-188f.ssc -f ../toast/HTML/2.0/html2.conf
 ./ssc -F -T -o /Users/dylan/tmp/cab9-34dc-d6aa-f74e.ssc -f ../toast/HTML/3.0/html3.conf
 ./ssc -F -T -o /Users/dylan/tmp/ec24-c076-c52f-cc39.ssc -f ../toast/HTML/3.2/html32.conf
 ./ssc -F -T -o /Users/dylan/tmp/eea1-fe12-b672-72ae.ssc -f ../toast/HTML/4.00/html4.conf
 ./ssc -F -T -o /Users/dylan/tmp/92a9-f556-878e-ed83.ssc -f ../toast/HTML/4.01/html4.conf
 ./ssc -F -T -o /Users/dylan/tmp/ed69-aaf7-2c1b-d0a7.ssc -f ../toast/HTML/5.0/html5.conf
 ./ssc -F -T -o /Users/dylan/tmp/4c10-bdc8-79d9-2548.ssc -f ../toast/HTML/5.1/html5.conf
 ./ssc -F -T -o /Users/dylan/tmp/7bf3-ef4d-693b-238c.ssc -f ../toast/HTML/5.2/html5.conf
 ./ssc -F -T -o /Users/dylan/tmp/309c-4f11-965a-3877.ssc -f ../toast/HTML/5.3/html5.conf
 ./ssc -F -T -o /Users/dylan/tmp/268d-3d4c-d20d-542e.ssc -f ../toast/HTML/5.4/html5.conf
 ./ssc -F -T -o /Users/dylan/tmp/be5e-7a15-7793-8ee5.ssc -f ../toast/HTML/minimal/minimal.conf
 ./ssc -F -T -o /Users/dylan/tmp/fb66-9466-a83f-2384.ssc -f ../toast/HTML/Plus/plus.conf
 ./ssc -F -T -o /Users/dylan/tmp/1dcb-f221-f4e6-d156.ssc -f ../toast/HTML/tags/tags.conf
 ./ssc -F -T -o /Users/dylan/tmp/af64-4637-c6ea-f93c.ssc -f ../toast/link/link.conf
 ./ssc -F -T -o /Users/dylan/tmp/750b-f1b5-5c3a-25b3.ssc -f ../toast/living/jul07/living.conf
 ./ssc -F -T -o /Users/dylan/tmp/1ba1-4c3c-54a4-b425.ssc -f ../toast/living/jan08/living.conf
 ./ssc -F -T -o /Users/dylan/tmp/5660-f258-93a4-affd.ssc -f ../toast/living/jul08/living.conf
 ./ssc -F -T -o /Users/dylan/tmp/3423-f604-3b30-f604.ssc -f ../toast/living/jan09/living.conf
 ./ssc -F -T -o /Users/dylan/tmp/16d0-e4c3-0fae-fdf9.ssc -f ../toast/living/jul09/living.conf
 ./ssc -F -T -o /Users/dylan/tmp/b14f-07fc-c1f6-5041.ssc -f ../toast/living/jan10/living.conf
 ./ssc -F -T -o /Users/dylan/tmp/1ede-1fba-e921-91df.ssc -f ../toast/living/jul10/living.conf
 ./ssc -F -T -o /Users/dylan/tmp/0c8f-1169-277b-675f.ssc -f ../toast/living/jan11/living.conf
 ./ssc -F -T -o /Users/dylan/tmp/c62a-8ec5-e7f7-1471.ssc -f ../toast/living/jul11/living.conf
 ./ssc -F -T -o /Users/dylan/tmp/f06a-f399-b4ce-d6f1.ssc -f ../toast/living/jan12/living.conf
 ./ssc -F -T -o /Users/dylan/tmp/2063-b97c-3763-57ad.ssc -f ../toast/living/jul12/living.conf
 ./ssc -F -T -o /Users/dylan/tmp/72fa-c6fe-37e0-1a38.ssc -f ../toast/living/jan13/living.conf
 ./ssc -F -T -o /Users/dylan/tmp/92f7-9a3c-1be7-c928.ssc -f ../toast/living/jul13/living.conf
 ./ssc -F -T -o /Users/dylan/tmp/470b-0273-8ea8-1066.ssc -f ../toast/living/jan14/living.conf
 ./ssc -F -T -o /Users/dylan/tmp/9e0c-7f1d-d370-57d5.ssc -f ../toast/living/jul14/living.conf
 ./ssc -F -T -o /Users/dylan/tmp/e6ad-8192-b45f-93d1.ssc -f ../toast/living/jan15/living.conf
 ./ssc -F -T -o /Users/dylan/tmp/59d7-8e08-fc34-e072.ssc -f ../toast/living/jul15/living.conf
 ./ssc -F -T -o /Users/dylan/tmp/4ade-cfe0-d7b7-dc54.ssc -f ../toast/living/jan16/living.conf
 ./ssc -F -T -o /Users/dylan/tmp/726a-a4ec-e363-b463.ssc -f ../toast/living/jul16/living.conf
 ./ssc -F -T -o /Users/dylan/tmp/0aae-2e94-d63f-c9fa.ssc -f ../toast/living/jan17/living.conf
 ./ssc -F -T -o /Users/dylan/tmp/2351-10f8-5243-eb8d.ssc -f ../toast/living/jul17/living.conf
 ./ssc -F -T -o /Users/dylan/tmp/d900-45ad-c415-4e8d.ssc -f ../toast/living/jan18/living.conf
 ./ssc -F -T -o /Users/dylan/tmp/6dba-6e5e-49bd-aacf.ssc -f ../toast/living/jul18/living.conf
 ./ssc -F -T -o /Users/dylan/tmp/423d-bd2b-e1da-5a19.ssc -f ../toast/living/jan19/living.conf
 ./ssc -F -T -o /Users/dylan/tmp/8414-3763-a7fd-9d36.ssc -f ../toast/living/jul19/living.conf
 ./ssc -F -T -o /Users/dylan/tmp/79cd-50f0-adfe-f09a.ssc -f ../toast/living/jan20/living.conf
 ./ssc -F -T -o /Users/dylan/tmp/008e-42bd-95a0-5bec.ssc -f ../toast/living/jul20/living.conf
 ./ssc -F -T -o /Users/dylan/tmp/bccf-048a-f558-749f.ssc -f ../toast/living/jan21/living.conf
 ./ssc -F -T -o /Users/dylan/tmp/d581-1b74-8897-9e20.ssc -f ../toast/math/1/math.conf
 ./ssc -F -T -o /Users/dylan/tmp/077f-fac3-3adf-21ba.ssc -f ../toast/math/2/math.conf
 ./ssc -F -T -o /Users/dylan/tmp/0c0e-e5fe-baa0-2557.ssc -f ../toast/math/3/math.conf
 ./ssc -F -T -o /Users/dylan/tmp/5865-a843-2a21-5ee0.ssc -f ../toast/microdata/addendum/add.conf
 ./ssc -F -T -o /Users/dylan/tmp/28a2-4f6f-e62e-9487.ssc -f ../toast/microdata/basic/basic.conf
/Users/dylan/Depot/applications/ssc/recipe/toast/microdata/export/pre.sh
 ./ssc -F -T -o /Users/dylan/tmp/cc0a-382a-95e2-89c2.ssc -f ../toast/microdata/export/export.conf
 ./ssc -F -T -o /Users/dylan/tmp/b551-a5c4-6338-0ebc.ssc -f ../toast/microdata/schema-abc/abc.conf
 ./ssc -F -T -o /Users/dylan/tmp/eb81-2a0a-baf7-f092.ssc -f ../toast/microdata/schema-defg/defg.conf
 ./ssc -F -T -o /Users/dylan/tmp/10cb-580f-026c-a915.ssc -f ../toast/microdata/schema-hijkl/hijkl.conf
 ./ssc -F -T -o /Users/dylan/tmp/f835-0b0e-8516-47aa.ssc -f ../toast/microdata/schema-mno/mno.conf
 ./ssc -F -T -o /Users/dylan/tmp/995c-6ba2-e8a4-96f0.ssc -f ../toast/microdata/schema-pqrs/pqrs.conf
 ./ssc -F -T -o /Users/dylan/tmp/19a9-70fb-13ab-d909.ssc -f ../toast/microdata/schema-tuv/tuv.conf
 ./ssc -F -T -o /Users/dylan/tmp/6c0c-3ec2-9ede-6019.ssc -f ../toast/microdata/schema-wxyz/wxyz.conf
 ./ssc -F -T -o /Users/dylan/tmp/877f-e43e-c2cb-719b.ssc -f ../toast/microformats/mf1/mf1.conf
 ./ssc -F -T -o /Users/dylan/tmp/260c-3a49-4272-1f06.ssc -f ../toast/microformats/mf2/mf2.conf
 ./ssc -F -T -o /Users/dylan/tmp/d756-e6a3-7a16-e326.ssc -f ../toast/microformats/rel/rel.conf
 ./ssc -F -T -o /Users/dylan/tmp/efde-b953-a6e6-1465.ssc -f ../toast/other/base/base.conf
 ./ssc -F -T -o /Users/dylan/tmp/2a94-7103-7702-7f20.ssc -f ../toast/other/CSS/css.conf
 ./ssc -F -T -o /Users/dylan/tmp/ba2f-1512-b1b4-03c2.ssc -f ../toast/other/ignore/ignore.conf
 ./ssc -F -T -o /Users/dylan/tmp/1fc1-b821-b14c-91df.ssc -f ../toast/other/nits/nits.conf
 ./ssc -F -T -o /Users/dylan/tmp/7ed0-1efd-a768-5160.ssc -f ../toast/other/parsing/parsing.conf
 ./ssc -F -T -o /Users/dylan/tmp/8ae9-c09d-beee-a7f4.ssc -f ../toast/other/RDF/rdf.conf
 ./ssc -F -T -o /Users/dylan/tmp/e97a-5957-1293-bafb.ssc -f ../toast/other/simple/simple.conf
 ./ssc -F -T -o /Users/dylan/tmp/3b01-ce1d-54c5-b0fe.ssc -f ../toast/other/ssi/ssi.conf
/Users/dylan/Depot/applications/ssc/recipe/toast/shadow/comment/pre.sh
 ./ssc -F -T -o /Users/dylan/tmp/8907-89ad-baf1-1394.ssc -f ../toast/shadow/comment/comment.conf
/Users/dylan/Depot/applications/ssc/recipe/toast/shadow/copy/pre.sh
 ./ssc -F -T -o /Users/dylan/tmp/d48c-70d4-0b10-65d5.ssc -f ../toast/shadow/copy/copy.conf
/Users/dylan/Depot/applications/ssc/recipe/toast/shadow/copyover/pre.sh
 ./ssc -F -T -o /Users/dylan/tmp/16a6-6aa1-60b4-8566.ssc -f ../toast/shadow/copyover/copyover.conf
/Users/dylan/Depot/applications/ssc/recipe/toast/shadow/dedu/pre.sh
 ./ssc -F -T -o /Users/dylan/tmp/6252-6c2b-1980-a5e9.ssc -f ../toast/shadow/dedu/dedu.conf
/Users/dylan/Depot/applications/ssc/recipe/toast/shadow/deduover/pre.sh
 ./ssc -F -T -o /Users/dylan/tmp/7729-ae5e-6ede-3130.ssc -f ../toast/shadow/deduover/deduover.conf
/Users/dylan/Depot/applications/ssc/recipe/toast/shadow/hard/pre.sh
 ./ssc -F -T -o /Users/dylan/tmp/066e-1e36-ab89-7138.ssc -f ../toast/shadow/hard/hard.conf
/Users/dylan/Depot/applications/ssc/recipe/toast/shadow/pages/pre.sh
 ./ssc -F -T -o /Users/dylan/tmp/18ed-0341-ecdd-1d34.ssc -f ../toast/shadow/pages/pages.conf
/Users/dylan/Depot/applications/ssc/recipe/toast/shadow/soft/pre.sh
 ./ssc -F -T -o /Users/dylan/tmp/b629-ca6a-f8ab-dab1.ssc -f ../toast/shadow/soft/soft.conf
/Users/dylan/Depot/applications/ssc/recipe/toast/shadow/softover/pre.sh
 ./ssc -F -T -o /Users/dylan/tmp/4a11-aa12-840f-0034.ssc -f ../toast/shadow/softover/softover.conf
/Users/dylan/Depot/applications/ssc/recipe/toast/shadow/ssi/pre.sh
 ./ssc -F -T -o /Users/dylan/tmp/9080-dd61-7589-1998.ssc -f ../toast/shadow/ssi/ssi.conf
 ./ssc -F -T -o /Users/dylan/tmp/95b8-40b6-a189-3be8.ssc -f ../toast/stats/detail/stats.conf
 ./ssc -F -T -o /Users/dylan/tmp/f7ed-2f8b-c4ce-0c85.ssc -f ../toast/stats/single/stats.conf
 ./ssc -F -T -o /Users/dylan/tmp/4c52-9cb8-6efb-0996.ssc -f ../toast/stats/summary/stats.conf
 ./ssc -F -T -o /Users/dylan/tmp/f028-4375-d9d6-df9e.ssc -f ../toast/SVG/1.0/svg.conf
 ./ssc -F -T -o /Users/dylan/tmp/3194-f53b-7cfa-f15f.ssc -f ../toast/SVG/1.1/svg.conf
 ./ssc -F -T -o /Users/dylan/tmp/f276-ec79-a5c2-02ab.ssc -f ../toast/type/colour/colour.conf
 ./ssc -F -T -o /Users/dylan/tmp/f0e6-22c8-8bf5-2d51.ssc -f ../toast/type/lang/lang.conf
 ./ssc -F -T -o /Users/dylan/tmp/fc1e-4c0d-8317-98da.ssc -f ../toast/type/metaname/metaname.conf
 ./ssc -F -T -o /Users/dylan/tmp/cf95-81b8-302d-c0a8.ssc -f ../toast/type/mimetype/mimetype.conf
 ./ssc -F -T -o /Users/dylan/tmp/07a0-10d6-ba40-ac66.ssc -f ../toast/type/sgml/sgml.conf
 ./ssc -F -T -o /Users/dylan/tmp/4121-ecee-f034-9ac5.ssc -f ../toast/type/url/url.conf
 ./ssc -F -T -o /Users/dylan/tmp/7893-6c13-e869-a409.ssc -f ../toast/w3/3663/w3.conf
 ./ssc -F -T -o /Users/dylan/tmp/681f-40f1-6e31-2fdb.ssc -f ../toast/w3/12458/w3.conf
 ./ssc -F -T -o /Users/dylan/tmp/e12f-e950-a9ce-c574.ssc -f ../toast/w3/acefh/w3.conf
 ./ssc -F -T -o /Users/dylan/tmp/d6cb-4a79-6035-dedc.ssc -f ../toast/w3/bogus/w3.conf
 ./ssc -F -T -o /Users/dylan/tmp/68d3-4bd7-e36a-ae45.ssc -f ../toast/w3/charset/w3.conf
 ./ssc -F -T -o /Users/dylan/tmp/b19d-9a3b-4251-35db.ssc -f ../toast/w3/html20/w3.conf
 ./ssc -F -T -o /Users/dylan/tmp/c6ee-39a0-4dfa-0358.ssc -f ../toast/w3/html40/w3.conf
 ./ssc -F -T -o /Users/dylan/tmp/ccc8-3783-cf93-a11d.ssc -f ../toast/w3/html401/w3.conf
 ./ssc -F -T -o /Users/dylan/tmp/8c98-9739-d7f1-12fe.ssc -f ../toast/w3/html5/w3.conf
 ./ssc -F -T -o /Users/dylan/tmp/fc1a-8561-c0ef-86a8.ssc -f ../toast/w3/imnop/w3.conf
 ./ssc -F -T -o /Users/dylan/tmp/d627-26c9-4e6c-7354.ssc -f ../toast/w3/mathml/w3.conf
 ./ssc -F -T -o /Users/dylan/tmp/d376-baba-52c1-f57c.ssc -f ../toast/w3/rddl/w3.conf
 ./ssc -F -T -o /Users/dylan/tmp/1cd7-d6ca-372e-9101.ssc -f ../toast/w3/rstuw/w3.conf
 ./ssc -F -T -o /Users/dylan/tmp/6e21-2fbd-6971-a4d8.ssc -f ../toast/w3/sgml/w3.conf
 ./ssc -F -T -o /Users/dylan/tmp/4b14-3832-33a4-2b44.ssc -f ../toast/w3/smil/w3.conf
 ./ssc -F -T -o /Users/dylan/tmp/29ee-fd83-ff45-9be0.ssc -f ../toast/w3/svg/w3.conf
 ./ssc -F -T -o /Users/dylan/tmp/17a4-0574-d4ed-7023.ssc -f ../toast/w3/text/w3.conf
 ./ssc -F -T -o /Users/dylan/tmp/6e37-5819-b2e4-580c.ssc -f ../toast/w3/xhtml/w3.conf
 ./ssc -F -T -o /Users/dylan/tmp/75c5-a30c-a54c-62ac.ssc -f ../toast/w3/xml/w3.conf
 ./ssc -F -T -o /Users/dylan/tmp/1ea5-477e-2b7c-1228.ssc -f ../toast/webapps/jan05/webapps.conf
 ./ssc -F -T -o /Users/dylan/tmp/4209-5696-1454-1dea.ssc -f ../toast/webapps/jul05/webapps.conf
 ./ssc -F -T -o /Users/dylan/tmp/3670-eb05-776f-f254.ssc -f ../toast/webapps/jan06/webapps.conf
 ./ssc -F -T -o /Users/dylan/tmp/4f40-fdbe-e688-73c3.ssc -f ../toast/webapps/jul06/webapps.conf
 ./ssc -F -T -o /Users/dylan/tmp/8400-74ae-6161-d38f.ssc -f ../toast/webapps/jan07/webapps.conf
 ./ssc -F -T -o /Users/dylan/tmp/a8de-2653-56b8-c7cb.ssc -f ../toast/XHTML/1.0/xhtml1.conf
 ./ssc -F -T -o /Users/dylan/tmp/d597-8ecf-780d-3d92.ssc -f ../toast/XHTML/1.1/xhtml11.conf
 ./ssc -F -T -o /Users/dylan/tmp/9b5c-a7d6-d124-1287.ssc -f ../toast/XHTML/2.0/xhtml2.conf
927 passed, 0 failed: pass
<end of output>
Test time =   8.46 sec
----------------------------------------------------------
Test Passed.
"toast" end time: Jan 22 13:19 CET
"toast" time elapsed: 00:00:08
----------------------------------------------------------

End testing: Jan 22 13:19 CET
